<?xml version="1.0" encoding="UTF-8"?>
<testng-results ignored="0" total="1" passed="1" failed="0" skipped="0">
  <reporter-output>
  </reporter-output>
  <suite started-at="2023-07-19T12:47:45 GMT" name="Default suite" finished-at="2023-07-19T12:47:51 GMT" duration-ms="6062">
    <groups>
    </groups>
    <test started-at="2023-07-19T12:47:45 GMT" name="Default test" finished-at="2023-07-19T12:47:51 GMT" duration-ms="6062">
      <class name="requsttypes.PatchTest">
        <test-method signature="patchTest()[pri:0, instance:requsttypes.PatchTest@212b5695]" started-at="2023-07-19T12:47:45 GMT" name="patchTest" finished-at="2023-07-19T12:47:51 GMT" duration-ms="5968" status="PASS">
          <reporter-output>
          </reporter-output>
        </test-method> <!-- patchTest -->
      </class> <!-- requsttypes.PatchTest -->
    </test> <!-- Default test -->
  </suite> <!-- Default suite -->
</testng-results>
